[debug] [2019-12-06T04:17:05.326Z] ----------------------------------------------------------------------
[debug] [2019-12-06T04:17:05.361Z] Command:       /usr/local/bin/node /usr/local/bin/firebase start
[debug] [2019-12-06T04:17:05.363Z] CLI Version:   7.9.0
[debug] [2019-12-06T04:17:05.363Z] Platform:      darwin
[debug] [2019-12-06T04:17:05.363Z] Node Version:  v10.16.0
[debug] [2019-12-06T04:17:05.829Z] Time:          Fri Dec 06 2019 01:17:05 GMT-0300 (GMT-03:00)
[debug] [2019-12-06T04:17:05.829Z] ----------------------------------------------------------------------
[debug] [2019-12-06T04:17:05.829Z] 
[error] Error: [object Object] is not a Firebase command
[debug] [2019-12-06T04:17:06.060Z] TypeError: str.toLowerCase is not a function
    at didYouMean (/usr/local/lib/node_modules/firebase-tools/node_modules/didyoumean/didYouMean-1.2.1.js:147:48)
    at suggestCommands (/usr/local/lib/node_modules/firebase-tools/lib/index.js:28:22)
    at Command.<anonymous> (/usr/local/lib/node_modules/firebase-tools/lib/index.js:57:14)
    at Command.listener (/usr/local/lib/node_modules/firebase-tools/node_modules/commander/index.js:360:8)
    at Command.emit (events.js:198:13)
    at Command.EventEmitter.emit (domain.js:448:20)
    at Command.parseArgs (/usr/local/lib/node_modules/firebase-tools/node_modules/commander/index.js:801:12)
    at Command.parse (/usr/local/lib/node_modules/firebase-tools/node_modules/commander/index.js:563:21)
    at Object.<anonymous> (/usr/local/lib/node_modules/firebase-tools/lib/bin/firebase.js:98:22)
    at Module._compile (internal/modules/cjs/loader.js:776:30)
    at Object.Module._extensions..js (internal/modules/cjs/loader.js:787:10)
    at Module.load (internal/modules/cjs/loader.js:653:32)
    at tryModuleLoad (internal/modules/cjs/loader.js:593:12)
    at Function.Module._load (internal/modules/cjs/loader.js:585:3)
    at Function.Module.runMain (internal/modules/cjs/loader.js:829:12)
    at startup (internal/bootstrap/node.js:283:19)
[error] 
[error] Error: An unexpected error has occurred.
[debug] [2019-12-06T04:19:08.883Z] ----------------------------------------------------------------------
[debug] [2019-12-06T04:19:08.886Z] Command:       /usr/local/bin/node /usr/local/bin/firebase run
[debug] [2019-12-06T04:19:08.887Z] CLI Version:   7.9.0
[debug] [2019-12-06T04:19:08.887Z] Platform:      darwin
[debug] [2019-12-06T04:19:08.887Z] Node Version:  v10.16.0
[debug] [2019-12-06T04:19:09.003Z] Time:          Fri Dec 06 2019 01:19:08 GMT-0300 (GMT-03:00)
[debug] [2019-12-06T04:19:09.004Z] ----------------------------------------------------------------------
[debug] [2019-12-06T04:19:09.004Z] 
[error] Error: [object Object] is not a Firebase command
[debug] [2019-12-06T04:19:09.117Z] TypeError: str.toLowerCase is not a function
    at didYouMean (/usr/local/lib/node_modules/firebase-tools/node_modules/didyoumean/didYouMean-1.2.1.js:147:48)
    at suggestCommands (/usr/local/lib/node_modules/firebase-tools/lib/index.js:28:22)
    at Command.<anonymous> (/usr/local/lib/node_modules/firebase-tools/lib/index.js:57:14)
    at Command.listener (/usr/local/lib/node_modules/firebase-tools/node_modules/commander/index.js:360:8)
    at Command.emit (events.js:198:13)
    at Command.EventEmitter.emit (domain.js:448:20)
    at Command.parseArgs (/usr/local/lib/node_modules/firebase-tools/node_modules/commander/index.js:801:12)
    at Command.parse (/usr/local/lib/node_modules/firebase-tools/node_modules/commander/index.js:563:21)
    at Object.<anonymous> (/usr/local/lib/node_modules/firebase-tools/lib/bin/firebase.js:98:22)
    at Module._compile (internal/modules/cjs/loader.js:776:30)
    at Object.Module._extensions..js (internal/modules/cjs/loader.js:787:10)
    at Module.load (internal/modules/cjs/loader.js:653:32)
    at tryModuleLoad (internal/modules/cjs/loader.js:593:12)
    at Function.Module._load (internal/modules/cjs/loader.js:585:3)
    at Function.Module.runMain (internal/modules/cjs/loader.js:829:12)
    at startup (internal/bootstrap/node.js:283:19)
[error] 
[error] Error: An unexpected error has occurred.
[debug] [2019-12-06T04:20:56.406Z] ----------------------------------------------------------------------
[debug] [2019-12-06T04:20:56.410Z] Command:       /usr/local/bin/node /usr/local/bin/firebase run start
[debug] [2019-12-06T04:20:56.410Z] CLI Version:   7.9.0
[debug] [2019-12-06T04:20:56.410Z] Platform:      darwin
[debug] [2019-12-06T04:20:56.410Z] Node Version:  v10.16.0
[debug] [2019-12-06T04:20:56.411Z] Time:          Fri Dec 06 2019 01:20:56 GMT-0300 (GMT-03:00)
[debug] [2019-12-06T04:20:56.411Z] ----------------------------------------------------------------------
[debug] [2019-12-06T04:20:56.412Z] 
[error] Error: [object Object] is not a Firebase command
[debug] [2019-12-06T04:20:56.481Z] TypeError: str.toLowerCase is not a function
    at didYouMean (/usr/local/lib/node_modules/firebase-tools/node_modules/didyoumean/didYouMean-1.2.1.js:147:48)
    at suggestCommands (/usr/local/lib/node_modules/firebase-tools/lib/index.js:28:22)
    at Command.<anonymous> (/usr/local/lib/node_modules/firebase-tools/lib/index.js:57:14)
    at Command.listener (/usr/local/lib/node_modules/firebase-tools/node_modules/commander/index.js:360:8)
    at Command.emit (events.js:198:13)
    at Command.EventEmitter.emit (domain.js:448:20)
    at Command.parseArgs (/usr/local/lib/node_modules/firebase-tools/node_modules/commander/index.js:801:12)
    at Command.parse (/usr/local/lib/node_modules/firebase-tools/node_modules/commander/index.js:563:21)
    at Object.<anonymous> (/usr/local/lib/node_modules/firebase-tools/lib/bin/firebase.js:98:22)
    at Module._compile (internal/modules/cjs/loader.js:776:30)
    at Object.Module._extensions..js (internal/modules/cjs/loader.js:787:10)
    at Module.load (internal/modules/cjs/loader.js:653:32)
    at tryModuleLoad (internal/modules/cjs/loader.js:593:12)
    at Function.Module._load (internal/modules/cjs/loader.js:585:3)
    at Function.Module.runMain (internal/modules/cjs/loader.js:829:12)
    at startup (internal/bootstrap/node.js:283:19)
[error] 
[error] Error: An unexpected error has occurred.
