[debug] [2019-12-07T21:48:53.282Z] ----------------------------------------------------------------------
[debug] [2019-12-07T21:48:53.316Z] Command:       /usr/local/bin/node /usr/local/bin/firebase run start
[debug] [2019-12-07T21:48:53.317Z] CLI Version:   7.9.0
[debug] [2019-12-07T21:48:53.317Z] Platform:      darwin
[debug] [2019-12-07T21:48:53.317Z] Node Version:  v10.16.0
[debug] [2019-12-07T21:48:53.405Z] Time:          Sat Dec 07 2019 18:48:53 GMT-0300 (GMT-03:00)
[debug] [2019-12-07T21:48:53.406Z] ----------------------------------------------------------------------
[debug] [2019-12-07T21:48:53.406Z] 
[error] Error: [object Object] is not a Firebase command
[debug] [2019-12-07T21:48:53.494Z] TypeError: str.toLowerCase is not a function
    at didYouMean (/usr/local/lib/node_modules/firebase-tools/node_modules/didyoumean/didYouMean-1.2.1.js:147:48)
    at suggestCommands (/usr/local/lib/node_modules/firebase-tools/lib/index.js:28:22)
    at Command.<anonymous> (/usr/local/lib/node_modules/firebase-tools/lib/index.js:57:14)
    at Command.listener (/usr/local/lib/node_modules/firebase-tools/node_modules/commander/index.js:360:8)
    at Command.emit (events.js:198:13)
    at Command.EventEmitter.emit (domain.js:448:20)
    at Command.parseArgs (/usr/local/lib/node_modules/firebase-tools/node_modules/commander/index.js:801:12)
    at Command.parse (/usr/local/lib/node_modules/firebase-tools/node_modules/commander/index.js:563:21)
    at Object.<anonymous> (/usr/local/lib/node_modules/firebase-tools/lib/bin/firebase.js:98:22)
    at Module._compile (internal/modules/cjs/loader.js:776:30)
    at Object.Module._extensions..js (internal/modules/cjs/loader.js:787:10)
    at Module.load (internal/modules/cjs/loader.js:653:32)
    at tryModuleLoad (internal/modules/cjs/loader.js:593:12)
    at Function.Module._load (internal/modules/cjs/loader.js:585:3)
    at Function.Module.runMain (internal/modules/cjs/loader.js:829:12)
    at startup (internal/bootstrap/node.js:283:19)
[error] 
[error] Error: An unexpected error has occurred.
[debug] [2019-12-07T21:49:00.422Z] ----------------------------------------------------------------------
[debug] [2019-12-07T21:49:00.424Z] Command:       /usr/local/bin/node /usr/local/bin/firebase run
[debug] [2019-12-07T21:49:00.424Z] CLI Version:   7.9.0
[debug] [2019-12-07T21:49:00.425Z] Platform:      darwin
[debug] [2019-12-07T21:49:00.425Z] Node Version:  v10.16.0
[debug] [2019-12-07T21:49:00.426Z] Time:          Sat Dec 07 2019 18:49:00 GMT-0300 (GMT-03:00)
[debug] [2019-12-07T21:49:00.426Z] ----------------------------------------------------------------------
[debug] [2019-12-07T21:49:00.426Z] 
[error] Error: [object Object] is not a Firebase command
[debug] [2019-12-07T21:49:00.439Z] TypeError: str.toLowerCase is not a function
    at didYouMean (/usr/local/lib/node_modules/firebase-tools/node_modules/didyoumean/didYouMean-1.2.1.js:147:48)
    at suggestCommands (/usr/local/lib/node_modules/firebase-tools/lib/index.js:28:22)
    at Command.<anonymous> (/usr/local/lib/node_modules/firebase-tools/lib/index.js:57:14)
    at Command.listener (/usr/local/lib/node_modules/firebase-tools/node_modules/commander/index.js:360:8)
    at Command.emit (events.js:198:13)
    at Command.EventEmitter.emit (domain.js:448:20)
    at Command.parseArgs (/usr/local/lib/node_modules/firebase-tools/node_modules/commander/index.js:801:12)
    at Command.parse (/usr/local/lib/node_modules/firebase-tools/node_modules/commander/index.js:563:21)
    at Object.<anonymous> (/usr/local/lib/node_modules/firebase-tools/lib/bin/firebase.js:98:22)
    at Module._compile (internal/modules/cjs/loader.js:776:30)
    at Object.Module._extensions..js (internal/modules/cjs/loader.js:787:10)
    at Module.load (internal/modules/cjs/loader.js:653:32)
    at tryModuleLoad (internal/modules/cjs/loader.js:593:12)
    at Function.Module._load (internal/modules/cjs/loader.js:585:3)
    at Function.Module.runMain (internal/modules/cjs/loader.js:829:12)
    at startup (internal/bootstrap/node.js:283:19)
[error] 
[error] Error: An unexpected error has occurred.
[debug] [2019-12-07T21:52:55.056Z] ----------------------------------------------------------------------
[debug] [2019-12-07T21:52:55.059Z] Command:       /usr/local/bin/node /usr/local/bin/firebase start
[debug] [2019-12-07T21:52:55.060Z] CLI Version:   7.9.0
[debug] [2019-12-07T21:52:55.060Z] Platform:      darwin
[debug] [2019-12-07T21:52:55.060Z] Node Version:  v10.16.0
[debug] [2019-12-07T21:52:55.061Z] Time:          Sat Dec 07 2019 18:52:55 GMT-0300 (GMT-03:00)
[debug] [2019-12-07T21:52:55.061Z] ----------------------------------------------------------------------
[debug] [2019-12-07T21:52:55.061Z] 
[error] Error: [object Object] is not a Firebase command
[debug] [2019-12-07T21:52:55.109Z] TypeError: str.toLowerCase is not a function
    at didYouMean (/usr/local/lib/node_modules/firebase-tools/node_modules/didyoumean/didYouMean-1.2.1.js:147:48)
    at suggestCommands (/usr/local/lib/node_modules/firebase-tools/lib/index.js:28:22)
    at Command.<anonymous> (/usr/local/lib/node_modules/firebase-tools/lib/index.js:57:14)
    at Command.listener (/usr/local/lib/node_modules/firebase-tools/node_modules/commander/index.js:360:8)
    at Command.emit (events.js:198:13)
    at Command.EventEmitter.emit (domain.js:448:20)
    at Command.parseArgs (/usr/local/lib/node_modules/firebase-tools/node_modules/commander/index.js:801:12)
    at Command.parse (/usr/local/lib/node_modules/firebase-tools/node_modules/commander/index.js:563:21)
    at Object.<anonymous> (/usr/local/lib/node_modules/firebase-tools/lib/bin/firebase.js:98:22)
    at Module._compile (internal/modules/cjs/loader.js:776:30)
    at Object.Module._extensions..js (internal/modules/cjs/loader.js:787:10)
    at Module.load (internal/modules/cjs/loader.js:653:32)
    at tryModuleLoad (internal/modules/cjs/loader.js:593:12)
    at Function.Module._load (internal/modules/cjs/loader.js:585:3)
    at Function.Module.runMain (internal/modules/cjs/loader.js:829:12)
    at startup (internal/bootstrap/node.js:283:19)
[error] 
[error] Error: An unexpected error has occurred.
